{
  "RSpec": {
    "coverage": {
      "/home/runner/work/chef-workstation/chef-workstation/omnibus/verification/component_test.rb": {
        "lines": [
          null,
          null,
          null,
          null,
          null,
          null,
          null,
          null,
          null,
          null,
          null,
          null,
          null,
          null,
          null,
          null,
          null,
          1,
          1,
          null,
          1,
          1,
          1,
          1,
          null,
          null,
          null,
          1,
          1,
          1,
          4,
          null,
          null,
          1,
          4,
          null,
          null,
          1,
          5,
          null,
          null,
          null,
          11,
          null,
          1,
          null,
          1,
          null,
          1,
          null,
          1,
          null,
          1,
          49,
          49,
          49,
          49,
          49,
          49,
          null,
          null,
          1,
          37,
          null,
          null,
          1,
          23,
          null,
          null,
          1,
          21,
          null,
          null,
          1,
          7,
          null,
          null,
          1,
          44,
          null,
          null,
          1,
          26,
          null,
          null,
          1,
          0,
          null,
          null,
          1,
          0,
          null,
          null,
          1,
          43,
          43,
          null,
          null,
          43,
          19,
          null,
          43,
          null,
          null,
          null,
          null,
          null,
          null,
          null,
          null,
          null,
          1,
          0,
          null,
          null,
          null,
          null,
          null,
          null,
          1,
          0,
          0,
          0,
          null,
          0,
          null,
          null,
          0,
          null,
          null,
          1,
          0,
          0,
          null,
          0,
          null,
          null,
          null,
          1,
          1,
          1,
          1,
          null,
          null,
          null,
          1,
          1,
          1,
          null,
          null,
          null,
          1,
          23,
          0,
          null,
          null,
          1,
          null,
          null,
          1,
          null,
          62,
          null,
          null,
          null,
          null,
          null,
          null,
          null,
          null,
          null,
          null,
          1,
          85,
          84,
          1,
          0,
          null,
          0,
          null,
          null,
          null,
          1,
          1,
          null,
          null,
          null,
          null,
          null,
          1,
          0,
          0,
          null,
          null,
          1,
          14,
          null,
          null,
          1,
          132,
          null,
          null,
          1,
          62,
          null,
          null,
          1,
          62,
          null,
          null,
          null,
          null
        ]
      },
      "/home/runner/work/chef-workstation/chef-workstation/omnibus/verification/spec/unit/verify_spec.rb": {
        "lines": [
          null,
          null,
          null,
          null,
          null,
          null,
          null,
          null,
          null,
          null,
          null,
          null,
          null,
          null,
          null,
          null,
          null,
          1,
          1,
          null,
          1,
          null,
          null,
          null,
          1,
          1,
          null,
          null,
          null,
          1,
          null,
          22,
          null,
          3,
          null,
          1,
          null,
          1,
          null,
          1,
          null,
          null,
          null,
          null,
          null,
          null,
          null,
          null,
          null,
          null,
          null,
          null,
          null,
          null,
          null,
          null,
          null,
          1,
          15,
          null,
          null,
          1,
          1,
          1,
          1,
          null,
          null,
          1,
          1,
          null,
          null,
          1,
          1,
          1,
          1,
          null,
          null,
          1,
          1,
          2,
          null,
          null,
          1,
          1,
          2,
          null,
          null,
          1,
          1,
          1,
          1,
          1,
          1,
          null,
          null,
          1,
          1,
          2,
          null,
          null,
          null,
          null,
          1,
          16,
          16,
          16,
          null,
          1,
          null,
          null,
          37,
          null,
          null,
          1,
          12,
          null,
          null,
          1,
          11,
          11,
          11,
          11,
          20,
          null,
          null,
          null,
          1,
          5,
          5,
          5,
          10,
          null,
          null,
          null,
          1,
          5,
          5,
          5,
          9,
          null,
          null,
          null,
          1,
          1,
          2,
          1,
          null,
          null,
          1,
          1,
          2,
          1,
          null,
          null,
          1,
          1,
          1,
          1,
          2,
          null,
          null,
          null,
          1,
          22,
          null,
          null,
          1,
          15,
          15,
          15,
          15,
          null,
          null,
          1,
          1,
          1,
          1,
          null,
          null,
          1,
          1,
          null,
          null,
          1,
          1,
          null,
          null,
          null,
          null,
          1,
          1,
          1,
          null,
          null,
          1,
          1,
          null,
          null,
          1,
          1,
          null,
          null,
          null,
          null,
          null,
          1,
          null,
          10,
          null,
          1,
          5,
          null,
          null,
          1,
          1,
          6,
          null,
          null,
          1,
          1,
          null,
          null,
          1,
          1,
          null,
          null,
          1,
          1,
          null,
          null,
          1,
          null,
          2,
          null,
          1,
          1,
          null,
          null,
          null,
          1,
          null,
          3,
          null,
          1,
          1,
          null,
          null,
          1,
          null,
          1,
          1,
          null,
          null,
          1,
          1,
          null,
          null,
          null,
          null,
          null,
          null,
          null,
          null,
          1,
          1,
          2,
          null,
          null,
          1,
          2,
          null,
          null,
          1,
          1,
          null,
          null,
          1,
          1,
          null,
          null,
          null,
          1,
          1,
          3,
          null,
          null,
          1,
          3,
          null,
          null,
          1,
          1,
          1,
          null,
          null,
          1,
          1,
          1,
          null,
          null,
          1,
          null,
          2,
          null,
          1,
          1,
          1,
          null,
          null,
          null,
          null,
          null,
          1,
          1,
          2,
          null,
          null,
          1,
          2,
          null,
          null,
          1,
          1,
          1,
          1,
          null,
          null,
          1,
          1,
          1,
          1,
          null,
          null,
          null,
          null,
          null,
          null,
          null
        ]
      },
      "/home/runner/work/chef-workstation/chef-workstation/omnibus/verification/verify.rb": {
        "lines": [
          null,
          null,
          null,
          null,
          null,
          null,
          null,
          null,
          null,
          null,
          null,
          null,
          null,
          null,
          null,
          null,
          null,
          null,
          null,
          1,
          1,
          1,
          1,
          1,
          1,
          null,
          1,
          null,
          1,
          1,
          1,
          1,
          null,
          1,
          null,
          1,
          null,
          null,
          null,
          1,
          null,
          null,
          null,
          1,
          null,
          null,
          null,
          1,
          null,
          null,
          null,
          1,
          1,
          15,
          15,
          15,
          null,
          null,
          1,
          0,
          null,
          null,
          1,
          3,
          null,
          null,
          1,
          18,
          null,
          null,
          null,
          1,
          3,
          null,
          null,
          1,
          null,
          null,
          null,
          null,
          null,
          null,
          null,
          1,
          1,
          null,
          null,
          null,
          null,
          1,
          0,
          0,
          null,
          null,
          1,
          0,
          0,
          null,
          null,
          1,
          0,
          0,
          0,
          null,
          null,
          null,
          null,
          1,
          1,
          1,
          0,
          0,
          null,
          null,
          1,
          0,
          0,
          null,
          null,
          null,
          null,
          null,
          null,
          null,
          1,
          null,
          null,
          1,
          null,
          1,
          null,
          1,
          0,
          0,
          0,
          null,
          null,
          null,
          null,
          null,
          null,
          null,
          null,
          null,
          null,
          null,
          null,
          null,
          null,
          null,
          null,
          null,
          null,
          null,
          null,
          null,
          null,
          0,
          null,
          null,
          null,
          null,
          null,
          null,
          1,
          1,
          1,
          0,
          0,
          null,
          1,
          0,
          0,
          null,
          null,
          1,
          0,
          0,
          0,
          null,
          null,
          null,
          null,
          1,
          1,
          1,
          0,
          0,
          null,
          1,
          0,
          null,
          null,
          null,
          1,
          1,
          1,
          0,
          0,
          null,
          1,
          null,
          null,
          1,
          1,
          1,
          0,
          0,
          null,
          1,
          0,
          0,
          0,
          0,
          null,
          null,
          null,
          null,
          null,
          null,
          null,
          null,
          null,
          0,
          0,
          0,
          null,
          null,
          null,
          0,
          null,
          null,
          null,
          null,
          1,
          null,
          1,
          1,
          0,
          0,
          0,
          0,
          null,
          null,
          null,
          1,
          1,
          1,
          null,
          null,
          1,
          1,
          1,
          0,
          0,
          null,
          1,
          null,
          null,
          1,
          null,
          1,
          null,
          1,
          0,
          0,
          0,
          null,
          null,
          0,
          0,
          0,
          0,
          0,
          null,
          null,
          null,
          null,
          null,
          null,
          null,
          null,
          0,
          null,
          0,
          null,
          null,
          0,
          null,
          null,
          0,
          0,
          null,
          null,
          0,
          null,
          null,
          null,
          null,
          0,
          null,
          null,
          null,
          1,
          null,
          1,
          null,
          1,
          null,
          null,
          null,
          null,
          null,
          null,
          null,
          null,
          null,
          null,
          1,
          0,
          0,
          0,
          null,
          0,
          null,
          null,
          null,
          null,
          1,
          1,
          null,
          1,
          null,
          1,
          null,
          null,
          null,
          1,
          0,
          0,
          0,
          null,
          null,
          null,
          null,
          null,
          null,
          null,
          null,
          null,
          null,
          0,
          null,
          null,
          null,
          null,
          1,
          0,
          0,
          0,
          0,
          0,
          0,
          null,
          null,
          null,
          null,
          1,
          1,
          1,
          0,
          0,
          0,
          null,
          null,
          null,
          null,
          0,
          0,
          null,
          0,
          0,
          null,
          null,
          null,
          0,
          0,
          null,
          null,
          null,
          null,
          null,
          1,
          1,
          1,
          0,
          null,
          null,
          null,
          1,
          1,
          1,
          null,
          1,
          21,
          21,
          21,
          21,
          null,
          null,
          1,
          15,
          15,
          null,
          15,
          15,
          15,
          15,
          null,
          15,
          null,
          null,
          1,
          26,
          null,
          null,
          1,
          16,
          23,
          23,
          null,
          null,
          null,
          1,
          15,
          14,
          null,
          1,
          2,
          null,
          null,
          null,
          null,
          1,
          15,
          null,
          21,
          null,
          21,
          null,
          21,
          null,
          21,
          16,
          null,
          null,
          21,
          2,
          null,
          null,
          60,
          5,
          5,
          null,
          16,
          null,
          null,
          null,
          21,
          null,
          null,
          null,
          null,
          null,
          21,
          null,
          null,
          null,
          1,
          15,
          19,
          21,
          21,
          21,
          21,
          39,
          35,
          35,
          35,
          null,
          null,
          null,
          0,
          null,
          null,
          null,
          null,
          null,
          1,
          15,
          15,
          15,
          21,
          21,
          null,
          null,
          null,
          null,
          null,
          null
        ]
      }
    },
    "timestamp": 1773927938
  }
}
